SecuenciaLabores/app/build/intermediates/manifest_merge_blame_file/debug/manifest-merger-blame-debug-report.txt
1<?xml version="1.0" encoding="utf-8"?>
2<manifest xmlns:android="http://schemas.android.com/apk/res/android"
3    package="com.cabana.hojavisita"
4    android:versionCode="2"
5    android:versionName="2.0" >
6
7    <uses-sdk android:targetSdkVersion="30" />
7-->src\main\AndroidManifest.xml:7:5-9:41
7-->src\main\AndroidManifest.xml:9:9-38
8
9    <uses-permission android:name="android.permission.INTERNET" />
9-->src\main\AndroidManifest.xml:11:5-67
9-->src\main\AndroidManifest.xml:11:22-64
10    <uses-permission android:name="android.permission.ACCESS_NETWORK_STATE" />
10-->src\main\AndroidManifest.xml:13:5-79
10-->src\main\AndroidManifest.xml:13:22-76
11    <uses-permission android:name="android.permission.READ_PRIVILEGED_PHONE_STATE" />
11-->src\main\AndroidManifest.xml:14:5-86
11-->src\main\AndroidManifest.xml:14:22-83
12    <uses-permission android:name="android.permission.VIBRATE" />
12-->src\main\AndroidManifest.xml:15:5-66
12-->src\main\AndroidManifest.xml:15:22-63
13    <uses-permission android:name="android.permission.READ_PHONE_STATE" />
13-->src\main\AndroidManifest.xml:16:5-75
13-->src\main\AndroidManifest.xml:16:22-72
14    <uses-permission android:name="android.permission.WRITE_EXTERNAL_STORAGE" />
15    <uses-permission android:name="android.permission.READ_EXTERNAL_STORAGE" />
16
17    <application
17-->src\main\AndroidManifest.xml:21:5-58:19
18        android:allowBackup="true"
18-->src\main\AndroidManifest.xml:23:9-35
19        android:debuggable="true"
20        android:icon="@mipmap/ic_launcher"
20-->src\main\AndroidManifest.xml:24:9-43
21        android:label="Hoja de Visitas"
21-->src\main\AndroidManifest.xml:25:9-40
22        android:testOnly="true"
23        android:theme="@style/AppTheme"
23-->src\main\AndroidManifest.xml:26:9-40
24        android:usesCleartextTraffic="true" >
24-->src\main\AndroidManifest.xml:22:9-44
25        <activity
25-->src\main\AndroidManifest.xml:27:9-35:20
26            android:name="com.secuencia.ordenescosecha.Login"
26-->src\main\AndroidManifest.xml:28:13-34
27            android:label="Hoja de visitas" >
27-->src\main\AndroidManifest.xml:29:13-44
28            <intent-filter>
28-->src\main\AndroidManifest.xml:30:13-34:29
29                <action android:name="android.intent.action.MAIN" />
29-->src\main\AndroidManifest.xml:31:17-69
29-->src\main\AndroidManifest.xml:31:25-66
30
31                <category android:name="android.intent.category.LAUNCHER" />
31-->src\main\AndroidManifest.xml:33:17-77
31-->src\main\AndroidManifest.xml:33:27-74
32            </intent-filter>
33        </activity>
34        <activity
34-->src\main\AndroidManifest.xml:36:9-38:81
35            android:name="com.secuencia.ordenescosecha.SecuenciaLabores"
35-->src\main\AndroidManifest.xml:37:13-45
36            android:label="@string/title_activity_secuencia_labores" />
36-->src\main\AndroidManifest.xml:38:13-69
37        <activity
37-->src\main\AndroidManifest.xml:39:9-41:80
38            android:name="com.secuencia.ordenescosecha.DetallesLabores"
38-->src\main\AndroidManifest.xml:40:13-44
39            android:label="@string/title_activity_detalles_labores" />
39-->src\main\AndroidManifest.xml:41:13-68
40        <activity
40-->src\main\AndroidManifest.xml:42:9-45:87
41            android:name="com.secuencia.ordenescosecha.ListaSecuenciaLabores"
41-->src\main\AndroidManifest.xml:43:13-50
42            android:label="@string/title_activity_lista_secuencia_labores"
42-->src\main\AndroidManifest.xml:45:13-75
43            android:usesCleartextTraffic="true" />
43-->src\main\AndroidManifest.xml:44:13-48
44        <activity
44-->src\main\AndroidManifest.xml:46:9-48:83
45            android:name="com.secuencia.ordenescosecha.ActividadPrincipal"
45-->src\main\AndroidManifest.xml:47:13-47
46            android:label="@string/title_activity_actividad_principal" />
46-->src\main\AndroidManifest.xml:48:13-71
47        <activity
47-->src\main\AndroidManifest.xml:49:9-51:81
48            android:name="com.secuencia.ordenescosecha.ActListaVisitas"
48-->src\main\AndroidManifest.xml:50:13-44
49            android:label="@string/title_activity_act_lista_visitas" />
49-->src\main\AndroidManifest.xml:51:13-69
50        <activity
50-->src\main\AndroidManifest.xml:52:9-54:80
51            android:name="com.secuencia.ordenescosecha.ActLotesSelect"
51-->src\main\AndroidManifest.xml:53:13-43
52            android:label="@string/title_activity_act_lotes_select" />
52-->src\main\AndroidManifest.xml:54:13-68
53
54        <uses-library
54-->src\main\AndroidManifest.xml:55:9-57:40
55            android:name="org.apache.http.legacy"
55-->src\main\AndroidManifest.xml:56:13-50
56            android:required="false" />
56-->src\main\AndroidManifest.xml:57:13-37
57    </application>
58
59</manifest>